<?xml version="1.0" encoding="UTF-8"?>
<!-- Generated by org.testng.reporters.JUnitReportReporter -->
<testsuite hostname="DESKTOP-1RS85AC" failures="0" tests="1" name="testng.demo.annotaionstest$firstclass" time="0.010" errors="0" timestamp="2023-10-08T19:37:31 IST" skipped="0">
  <testcase classname="testng.demo.annotaionstest$firstclass" name="login" time="0.010"/>
</testsuite> <!-- testng.demo.annotaionstest$firstclass -->
