<?xml version="1.0" encoding="UTF-8"?>
<!-- Generated by org.testng.reporters.JUnitReportReporter -->
<testsuite hostname="DESKTOP-1RS85AC" failures="0" tests="1" name="testnew.LoginTest" time="0.299" errors="0" timestamp="2023-10-08T21:00:41 IST" skipped="0">
  <testcase classname="testnew.LoginTest" name="login" time="0.299"/>
</testsuite> <!-- testnew.LoginTest -->
